{"C:\\Users\\Norman\\Documents\\Cursos\\JuanDelaTorre\\PERN_AdministradorDeProductos\\rest_api_node_ts_server\\src\\router.ts": {"path":"C:\\Users\\Norman\\Documents\\Cursos\\JuanDelaTorre\\PERN_AdministradorDeProductos\\rest_api_node_ts_server\\src\\router.ts","statementMap":{"0":{"start":{"line":1,"column":0},"end":{"line":1,"column":33}},"1":{"start":{"line":2,"column":0},"end":{"line":2,"column":null}},"2":{"start":{"line":10,"column":0},"end":{"line":10,"column":48}},"3":{"start":{"line":11,"column":0},"end":{"line":11,"column":49}},"4":{"start":{"line":13,"column":15},"end":{"line":13,"column":23}},"5":{"start":{"line":15,"column":0},"end":{"line":15,"column":29}},"6":{"start":{"line":16,"column":0},"end":{"line":21,"column":2}},"7":{"start":{"line":22,"column":0},"end":{"line":39,"column":2}},"8":{"start":{"line":34,"column":23},"end":{"line":34,"column":32}},"9":{"start":{"line":40,"column":0},"end":{"line":59,"column":2}},"10":{"start":{"line":52,"column":23},"end":{"line":52,"column":32}},"11":{"start":{"line":60,"column":0},"end":{"line":65,"column":2}},"12":{"start":{"line":66,"column":0},"end":{"line":71,"column":2}},"13":{"start":{"line":73,"column":0},"end":{"line":73,"column":22}}},"fnMap":{"0":{"name":"(anonymous_0)","decl":{"start":{"line":34,"column":12},"end":{"line":34,"column":13}},"loc":{"start":{"line":34,"column":23},"end":{"line":34,"column":32}}},"1":{"name":"(anonymous_1)","decl":{"start":{"line":52,"column":12},"end":{"line":52,"column":13}},"loc":{"start":{"line":52,"column":23},"end":{"line":52,"column":32}}}},"branchMap":{},"s":{"0":2,"1":2,"2":2,"3":2,"4":2,"5":2,"6":2,"7":2,"8":4,"9":2,"10":5,"11":2,"12":2,"13":2},"f":{"0":4,"1":5},"b":{}}
,"C:\\Users\\Norman\\Documents\\Cursos\\JuanDelaTorre\\PERN_AdministradorDeProductos\\rest_api_node_ts_server\\src\\server.ts": {"path":"C:\\Users\\Norman\\Documents\\Cursos\\JuanDelaTorre\\PERN_AdministradorDeProductos\\rest_api_node_ts_server\\src\\server.ts","statementMap":{"0":{"start":{"line":6,"column":0},"end":{"line":6,"column":7}},"1":{"start":{"line":1,"column":0},"end":{"line":1,"column":30}},"2":{"start":{"line":2,"column":0},"end":{"line":2,"column":29}},"3":{"start":{"line":3,"column":0},"end":{"line":3,"column":30}},"4":{"start":{"line":4,"column":0},"end":{"line":4,"column":28}},"5":{"start":{"line":7,"column":2},"end":{"line":14,"column":3}},"6":{"start":{"line":8,"column":4},"end":{"line":8,"column":28}},"7":{"start":{"line":9,"column":4},"end":{"line":9,"column":14}},"8":{"start":{"line":13,"column":4},"end":{"line":13,"column":71}},"9":{"start":{"line":17,"column":0},"end":{"line":17,"column":13}},"10":{"start":{"line":20,"column":15},"end":{"line":20,"column":24}},"11":{"start":{"line":23,"column":0},"end":{"line":23,"column":27}},"12":{"start":{"line":25,"column":0},"end":{"line":25,"column":36}},"13":{"start":{"line":27,"column":0},"end":{"line":29,"column":3}},"14":{"start":{"line":28,"column":2},"end":{"line":28,"column":33}},"15":{"start":{"line":31,"column":0},"end":{"line":31,"column":22}}},"fnMap":{"0":{"name":"connnectDB","decl":{"start":{"line":6,"column":22},"end":{"line":6,"column":32}},"loc":{"start":{"line":6,"column":32},"end":{"line":15,"column":1}}},"1":{"name":"(anonymous_2)","decl":{"start":{"line":27,"column":19},"end":{"line":27,"column":20}},"loc":{"start":{"line":27,"column":32},"end":{"line":29,"column":1}}}},"branchMap":{},"s":{"0":2,"1":2,"2":2,"3":2,"4":2,"5":3,"6":3,"7":2,"8":1,"9":2,"10":2,"11":2,"12":2,"13":2,"14":1,"15":2},"f":{"0":3,"1":1},"b":{}}
,"C:\\Users\\Norman\\Documents\\Cursos\\JuanDelaTorre\\PERN_AdministradorDeProductos\\rest_api_node_ts_server\\src\\config\\db.ts": {"path":"C:\\Users\\Norman\\Documents\\Cursos\\JuanDelaTorre\\PERN_AdministradorDeProductos\\rest_api_node_ts_server\\src\\config\\db.ts","statementMap":{"0":{"start":{"line":1,"column":0},"end":{"line":1,"column":28}},"1":{"start":{"line":2,"column":0},"end":{"line":2,"column":49}},"2":{"start":{"line":4,"column":0},"end":{"line":4,"column":16}},"3":{"start":{"line":6,"column":11},"end":{"line":9,"column":2}},"4":{"start":{"line":11,"column":0},"end":{"line":11,"column":18}}},"fnMap":{},"branchMap":{},"s":{"0":2,"1":2,"2":2,"3":2,"4":2},"f":{},"b":{}}
,"C:\\Users\\Norman\\Documents\\Cursos\\JuanDelaTorre\\PERN_AdministradorDeProductos\\rest_api_node_ts_server\\src\\handlers\\product.ts": {"path":"C:\\Users\\Norman\\Documents\\Cursos\\JuanDelaTorre\\PERN_AdministradorDeProductos\\rest_api_node_ts_server\\src\\handlers\\product.ts","statementMap":{"0":{"start":{"line":2,"column":0},"end":{"line":2,"column":46}},"1":{"start":{"line":4,"column":27},"end":{"line":15,"column":1}},"2":{"start":{"line":5,"column":2},"end":{"line":14,"column":3}},"3":{"start":{"line":6,"column":21},"end":{"line":10,"column":6}},"4":{"start":{"line":11,"column":4},"end":{"line":11,"column":33}},"5":{"start":{"line":13,"column":4},"end":{"line":13,"column":23}},"6":{"start":{"line":4,"column":13},"end":{"line":4,"column":27}},"7":{"start":{"line":16,"column":30},"end":{"line":27,"column":1}},"8":{"start":{"line":17,"column":2},"end":{"line":26,"column":3}},"9":{"start":{"line":18,"column":19},"end":{"line":18,"column":29}},"10":{"start":{"line":19,"column":20},"end":{"line":19,"column":46}},"11":{"start":{"line":20,"column":4},"end":{"line":22,"column":5}},"12":{"start":{"line":21,"column":6},"end":{"line":21,"column":72}},"13":{"start":{"line":23,"column":4},"end":{"line":23,"column":32}},"14":{"start":{"line":25,"column":4},"end":{"line":25,"column":23}},"15":{"start":{"line":16,"column":13},"end":{"line":16,"column":30}},"16":{"start":{"line":28,"column":29},"end":{"line":35,"column":1}},"17":{"start":{"line":29,"column":2},"end":{"line":34,"column":3}},"18":{"start":{"line":30,"column":20},"end":{"line":30,"column":50}},"19":{"start":{"line":31,"column":4},"end":{"line":31,"column":44}},"20":{"start":{"line":33,"column":4},"end":{"line":33,"column":23}},"21":{"start":{"line":28,"column":13},"end":{"line":28,"column":29}},"22":{"start":{"line":36,"column":29},"end":{"line":51,"column":1}},"23":{"start":{"line":37,"column":2},"end":{"line":50,"column":3}},"24":{"start":{"line":38,"column":19},"end":{"line":38,"column":29}},"25":{"start":{"line":39,"column":20},"end":{"line":39,"column":46}},"26":{"start":{"line":40,"column":4},"end":{"line":42,"column":5}},"27":{"start":{"line":41,"column":6},"end":{"line":41,"column":71}},"28":{"start":{"line":45,"column":4},"end":{"line":45,"column":35}},"29":{"start":{"line":46,"column":4},"end":{"line":46,"column":25}},"30":{"start":{"line":47,"column":4},"end":{"line":47,"column":32}},"31":{"start":{"line":49,"column":4},"end":{"line":49,"column":23}},"32":{"start":{"line":36,"column":13},"end":{"line":36,"column":29}},"33":{"start":{"line":52,"column":41},"end":{"line":71,"column":1}},"34":{"start":{"line":56,"column":2},"end":{"line":70,"column":3}},"35":{"start":{"line":57,"column":19},"end":{"line":57,"column":29}},"36":{"start":{"line":58,"column":20},"end":{"line":58,"column":46}},"37":{"start":{"line":59,"column":4},"end":{"line":61,"column":5}},"38":{"start":{"line":60,"column":6},"end":{"line":60,"column":71}},"39":{"start":{"line":64,"column":4},"end":{"line":64,"column":60}},"40":{"start":{"line":65,"column":4},"end":{"line":65,"column":25}},"41":{"start":{"line":67,"column":4},"end":{"line":67,"column":32}},"42":{"start":{"line":69,"column":4},"end":{"line":69,"column":23}},"43":{"start":{"line":52,"column":13},"end":{"line":52,"column":41}},"44":{"start":{"line":72,"column":29},"end":{"line":86,"column":1}},"45":{"start":{"line":73,"column":2},"end":{"line":85,"column":3}},"46":{"start":{"line":74,"column":19},"end":{"line":74,"column":29}},"47":{"start":{"line":75,"column":20},"end":{"line":75,"column":46}},"48":{"start":{"line":76,"column":4},"end":{"line":78,"column":5}},"49":{"start":{"line":77,"column":6},"end":{"line":77,"column":71}},"50":{"start":{"line":81,"column":4},"end":{"line":81,"column":28}},"51":{"start":{"line":82,"column":4},"end":{"line":82,"column":45}},"52":{"start":{"line":84,"column":4},"end":{"line":84,"column":23}},"53":{"start":{"line":72,"column":13},"end":{"line":72,"column":29}}},"fnMap":{"0":{"name":"(anonymous_1)","decl":{"start":{"line":4,"column":27},"end":{"line":4,"column":32}},"loc":{"start":{"line":4,"column":65},"end":{"line":15,"column":1}}},"1":{"name":"(anonymous_2)","decl":{"start":{"line":16,"column":30},"end":{"line":16,"column":35}},"loc":{"start":{"line":16,"column":68},"end":{"line":27,"column":1}}},"2":{"name":"(anonymous_3)","decl":{"start":{"line":28,"column":29},"end":{"line":28,"column":34}},"loc":{"start":{"line":28,"column":67},"end":{"line":35,"column":1}}},"3":{"name":"(anonymous_4)","decl":{"start":{"line":36,"column":29},"end":{"line":36,"column":34}},"loc":{"start":{"line":36,"column":67},"end":{"line":51,"column":1}}},"4":{"name":"(anonymous_5)","decl":{"start":{"line":52,"column":41},"end":{"line":52,"column":46}},"loc":{"start":{"line":55,"column":4},"end":{"line":71,"column":1}}},"5":{"name":"(anonymous_6)","decl":{"start":{"line":72,"column":29},"end":{"line":72,"column":34}},"loc":{"start":{"line":72,"column":67},"end":{"line":86,"column":1}}}},"branchMap":{"0":{"loc":{"start":{"line":20,"column":4},"end":{"line":22,"column":5}},"type":"if","locations":[{"start":{"line":20,"column":4},"end":{"line":22,"column":5}}]},"1":{"loc":{"start":{"line":40,"column":4},"end":{"line":42,"column":5}},"type":"if","locations":[{"start":{"line":40,"column":4},"end":{"line":42,"column":5}}]},"2":{"loc":{"start":{"line":59,"column":4},"end":{"line":61,"column":5}},"type":"if","locations":[{"start":{"line":59,"column":4},"end":{"line":61,"column":5}}]},"3":{"loc":{"start":{"line":76,"column":4},"end":{"line":78,"column":5}},"type":"if","locations":[{"start":{"line":76,"column":4},"end":{"line":78,"column":5}}]}},"s":{"0":2,"1":2,"2":2,"3":2,"4":2,"5":0,"6":2,"7":2,"8":2,"9":2,"10":2,"11":2,"12":1,"13":1,"14":0,"15":2,"16":2,"17":1,"18":1,"19":1,"20":0,"21":2,"22":2,"23":2,"24":2,"25":2,"26":2,"27":1,"28":1,"29":1,"30":1,"31":0,"32":2,"33":2,"34":2,"35":2,"36":2,"37":2,"38":1,"39":1,"40":1,"41":1,"42":0,"43":2,"44":2,"45":2,"46":2,"47":2,"48":2,"49":1,"50":1,"51":1,"52":0,"53":2},"f":{"0":2,"1":2,"2":1,"3":2,"4":2,"5":2},"b":{"0":[1],"1":[1],"2":[1],"3":[1]}}
,"C:\\Users\\Norman\\Documents\\Cursos\\JuanDelaTorre\\PERN_AdministradorDeProductos\\rest_api_node_ts_server\\src\\middleware\\index.ts": {"path":"C:\\Users\\Norman\\Documents\\Cursos\\JuanDelaTorre\\PERN_AdministradorDeProductos\\rest_api_node_ts_server\\src\\middleware\\index.ts","statementMap":{"0":{"start":{"line":3,"column":0},"end":{"line":3,"column":53}},"1":{"start":{"line":5,"column":33},"end":{"line":16,"column":1}},"2":{"start":{"line":10,"column":15},"end":{"line":10,"column":36}},"3":{"start":{"line":11,"column":2},"end":{"line":13,"column":3}},"4":{"start":{"line":12,"column":4},"end":{"line":12,"column":60}},"5":{"start":{"line":15,"column":2},"end":{"line":15,"column":9}},"6":{"start":{"line":5,"column":13},"end":{"line":5,"column":33}}},"fnMap":{"0":{"name":"(anonymous_0)","decl":{"start":{"line":5,"column":33},"end":{"line":5,"column":null}},"loc":{"start":{"line":9,"column":4},"end":{"line":16,"column":1}}}},"branchMap":{"0":{"loc":{"start":{"line":11,"column":2},"end":{"line":13,"column":3}},"type":"if","locations":[{"start":{"line":11,"column":2},"end":{"line":13,"column":3}}]}},"s":{"0":2,"1":2,"2":17,"3":17,"4":8,"5":9,"6":2},"f":{"0":17},"b":{"0":[8]}}
,"C:\\Users\\Norman\\Documents\\Cursos\\JuanDelaTorre\\PERN_AdministradorDeProductos\\rest_api_node_ts_server\\src\\models\\Product.model.ts": {"path":"C:\\Users\\Norman\\Documents\\Cursos\\JuanDelaTorre\\PERN_AdministradorDeProductos\\rest_api_node_ts_server\\src\\models\\Product.model.ts","statementMap":{"0":{"start":{"line":1,"column":0},"end":{"line":1,"column":79}},"1":{"start":{"line":6,"column":0},"end":{"line":22,"column":null}},"2":{"start":{"line":10,"column":10},"end":{"line":10,"column":null}},"3":{"start":{"line":15,"column":10},"end":{"line":15,"column":null}},"4":{"start":{"line":21,"column":10},"end":{"line":21,"column":null}},"5":{"start":{"line":6,"column":6},"end":{"line":22,"column":null}},"6":{"start":{"line":24,"column":0},"end":{"line":24,"column":23}}},"fnMap":{},"branchMap":{},"s":{"0":3,"1":3,"2":3,"3":3,"4":3,"5":3,"6":3},"f":{},"b":{}}
}
